======================================================================
FIRST-PRINCIPLES SEARCH FOR FINE STRUCTURE CONSTANT α
======================================================================
Target: α⁻¹ = 137.0359990001
Z² = 33.5103216383
4Z² + 3 = 137.041287


==================================================
PATH: Gauge Theory
--------------------------------------------------
  No matches found

==================================================
PATH: Holographic
--------------------------------------------------
Found 14 candidates:

  Formula: α⁻¹ = 4×Z² + 1×N_gen
  Value: 137.041287
  Error: 0.0039%
  Insight: Combination of Z² and N_gen

  Formula: α⁻¹ = 4×Z² + 1×BEKENSTEIN-1
  Value: 137.041287
  Error: 0.0039%
  Insight: Combination of Z² and BEKENSTEIN-1

  Formula: α⁻¹ = 4×Z² + 1×GAUGE/4
  Value: 137.041287
  Error: 0.0039%
  Insight: Combination of Z² and GAUGE/4

  Formula: α⁻¹ = 4×Z² + 1×N_gen
  Value: 137.041287
  Error: 0.0039%
  Insight: Combination of Z² and N_gen

  Formula: α⁻¹ = 4×Z² + 1×BEKENSTEIN-1
  Value: 137.041287
  Error: 0.0039%
  Insight: Combination of Z² and BEKENSTEIN-1

==================================================
PATH: Group Theory
--------------------------------------------------
Found 8 candidates:

  Formula: α⁻¹ = total_gauge × Z²/3 + 3
  Value: 137.041287
  Error: 0.0039%
  Insight: Z² combined with gauge group dimensions

  Formula: α⁻¹ = BEKENSTEIN × Z² + N_gen
  Value: 137.041287
  Error: 0.0039%
  Insight: Z² combined with gauge group dimensions

  Formula: α⁻¹ = 4 × Z² + 3
  Value: 137.041287
  Error: 0.0039%
  Insight: Z² combined with gauge group dimensions

  Formula: α⁻¹ = (total_gauge/3) × Z² + N_gen
  Value: 137.041287
  Error: 0.0039%
  Insight: Z² combined with gauge group dimensions

  Formula: α⁻¹ = (8+4)/3 × Z² + 3
  Value: 137.041287
  Error: 0.0039%
  Insight: Z² combined with gauge group dimensions

==================================================
PATH: Dimensional Transmutation
--------------------------------------------------
Found 2 candidates:

  Formula: Running from α⁻¹(M_Pl)=134.0 with β~3/6.283185307179586π
  Error: Unknown format code 'f' for object of type 'str'

==================================================
PATH: Number Theory
--------------------------------------------------
Found 4 candidates:

  Formula: α⁻¹ = Z² × 4 + 3
  Value: 137.041287
  Error: 0.0039%

  Formula: α⁻¹ = Z² × BEKENSTEIN + N_gen
  Value: 137.041287
  Error: 0.0039%

  Formula: α⁻¹ = 128π/3 + 3 = 4×(32π/3) + 3
  Value: 137.041287
  Error: 0.0039%
  Insight: Key: 4Z² = 128π/3, offset = 3 = N_gen

  Formula: α⁻¹ = Z × 24 - 2
  Value: 136.931441
  Error: 0.0763%

==================================================
PATH: Geometric
--------------------------------------------------
Found 2 candidates:

  Formula: α⁻¹ = rank(G) × Z² + N_gen
  Value: 137.041287
  Error: 0.0039%

  Formula: α⁻¹ = 4 × Z² + 3
  Value: 137.041287
  Error: 0.0039%

==================================================
PATH: CFT
--------------------------------------------------
  No matches found

==================================================
PATH: Comprehensive
--------------------------------------------------
Found 18 candidates:

  Formula: 0.3333333333333333×Z²×GAUGE + 3
  Value: 137.041287
  Error: 0.0039%

  Formula: 0.3333333333333333×Z²×12 + 3
  Value: 137.041287
  Error: 0.0039%

  Formula: 4×Z² + 1×N_gen
  Value: 137.041287
  Error: 0.0039%

  Formula: 4×Z² + 1×3
  Value: 137.041287
  Error: 0.0039%

  Formula: 0.5×Z²×CUBE + 3
  Value: 137.041287
  Error: 0.0039%

======================================================================
SUMMARY: BEST CANDIDATES FOR α DERIVATION
======================================================================

Formulas with <0.1% error:

  [Comprehensive]
  0.3333333333333333×Z²×GAUGE + 3
  Error: 0.0039%

  [Comprehensive]
  0.3333333333333333×Z²×12 + 3
  Error: 0.0039%

  [Holographic]
  α⁻¹ = 4×Z² + 1×N_gen
  Error: 0.0039%

  [Holographic]
  α⁻¹ = 4×Z² + 1×BEKENSTEIN-1
  Error: 0.0039%

  [Holographic]
  α⁻¹ = 4×Z² + 1×GAUGE/4
  Error: 0.0039%

  [Holographic]
  α⁻¹ = 4×Z² + 1×N_gen
  Error: 0.0039%

  [Holographic]
  α⁻¹ = 4×Z² + 1×BEKENSTEIN-1
  Error: 0.0039%

  [Holographic]
  α⁻¹ = 4×Z² + 1×GAUGE/4
  Error: 0.0039%

  [Holographic]
  α⁻¹ = 4×Z² + 1×N_gen
  Error: 0.0039%

  [Holographic]
  α⁻¹ = 4×Z² + 1×BEKENSTEIN-1
  Error: 0.0039%

======================================================================
KEY INSIGHTS
======================================================================

    The formula α⁻¹ = 4Z² + 3 works with 0.003% accuracy.

    WHAT WE FOUND:
    1. The coefficient 4 = rank of SU(3)×SU(2)×U(1) Cartan subalgebra
       - SU(3) has rank 2 (color charges)
       - SU(2) has rank 1 (weak isospin)
       - U(1) has rank 1 (hypercharge)
       - Total = 4 independent charges

    2. The offset 3 = N_gen = number of fermion generations
       - Unexplained but necessary
       - Could come from topological constraint?

    3. Z² = 32π/3 = CUBE × SPHERE
       - Geometric combination of 3D shapes
       - Appears in MOND derivation from Friedmann equation

    WHAT IS STILL NEEDED:
    - WHY do ranks multiply Z²?
    - WHY does N_gen add linearly?
    - DERIVE these relationships from first principles

    POSSIBLE DERIVATION PATH:
    - Each Cartan generator (charge) couples to geometry through Z²
    - Total coupling = (# of charges) × (geometric factor)
    - Generations provide additive correction
    - Need to derive this from gauge-geometry correspondence
    

Results saved to: /Users/carlzimmerman/new_physics/zimmerman-formula/research/overnight_results/alpha_search_20260413_200022.json
