======================================================================
FIRST-PRINCIPLES SEARCH FOR FINE STRUCTURE CONSTANT α
======================================================================
Target: α⁻¹ = 137.0359990001
Z² = 33.5103216383
4Z² + 3 = 137.041287


==================================================
PATH: Gauge Theory
--------------------------------------------------
  No matches found

==================================================
PATH: Holographic
--------------------------------------------------
Found 14 candidates:

  Formula: α⁻¹ = 4×Z² + 1×N_gen
  Value: 137.041287
  Error: 0.0039%
  Insight: Combination of Z² and N_gen

  Formula: α⁻¹ = 4×Z² + 1×BEKENSTEIN-1
  Value: 137.041287
  Error: 0.0039%
  Insight: Combination of Z² and BEKENSTEIN-1

  Formula: α⁻¹ = 4×Z² + 1×GAUGE/4
  Value: 137.041287
  Error: 0.0039%
  Insight: Combination of Z² and GAUGE/4

  Formula: α⁻¹ = 4×Z² + 1×N_gen
  Value: 137.041287
  Error: 0.0039%
  Insight: Combination of Z² and N_gen

  Formula: α⁻¹ = 4×Z² + 1×BEKENSTEIN-1
  Value: 137.041287
  Error: 0.0039%
  Insight: Combination of Z² and BEKENSTEIN-1

==================================================
PATH: Group Theory
--------------------------------------------------
Found 8 candidates:

  Formula: α⁻¹ = total_gauge × Z²/3 + 3
  Value: 137.041287
  Error: 0.0039%
  Insight: Z² combined with gauge group dimensions

  Formula: α⁻¹ = BEKENSTEIN × Z² + N_gen
  Value: 137.041287
  Error: 0.0039%
  Insight: Z² combined with gauge group dimensions

  Formula: α⁻¹ = 4 × Z² + 3
  Value: 137.041287
  Error: 0.0039%
  Insight: Z² combined with gauge group dimensions

  Formula: α⁻¹ = (total_gauge/3) × Z² + N_gen
  Value: 137.041287
  Error: 0.0039%
  Insight: Z² combined with gauge group dimensions

  Formula: α⁻¹ = (8+4)/3 × Z² + 3
  Value: 137.041287
  Error: 0.0039%
  Insight: Z² combined with gauge group dimensions

==================================================
PATH: Dimensional Transmutation
--------------------------------------------------
Found 2 candidates:

  Formula: Running from α⁻¹(M_Pl)=134.0 with β~3/6.283185307179586π
  Error: Unknown format code 'f' for object of type 'str'

==================================================
PATH: Number Theory
--------------------------------------------------
Found 4 candidates:

  Formula: α⁻¹ = Z² × 4 + 3
  Value: 137.041287
  Error: 0.0039%

  Formula: α⁻¹ = Z² × BEKENSTEIN + N_gen
  Value: 137.041287
  Error: 0.0039%

  Formula: α⁻¹ = 128π/3 + 3 = 4×(32π/3) + 3
  Value: 137.041287
  Error: 0.0039%
  Insight: Key: 4Z² = 128π/3, offset = 3 = N_gen

  Formula: α⁻¹ = Z × 24 - 2
  Value: 136.931441
  Error: 0.0763%

==================================================
PATH: Geometric
--------------------------------------------------
Found 2 candidates:

  Formula: α⁻¹ = rank(G) × Z² + N_gen
  Value: 137.041287
  Error: 0.0039%

  Formula: α⁻¹ = 4 × Z² + 3
  Value: 137.041287
  Error: 0.0039%

==================================================
PATH: R2 Gravity
--------------------------------------------------
  R = 12H² = 100.530965
  3Z² = 100.530965
  R == 3Z²? True
  R²/(16π²) = 64.000000
  This should be 64 = 2⁶: True
  S_R² = (1/2) × 64 × (4π/3) = 134.041287
  4Z² = 134.041287
  S_R² == 4Z²? True

  64 = CUBE × CUBE = 8 × 8 = 64
  64 = 4 × 16 = BEKENSTEIN × 16 = 64
  64 = 2⁶
Found 2 candidates:

  Formula: α⁻¹ = S_R² + b₁(T³) = (1/2)×[R²/(16π²)]×V_sphere + 3
  Value: 137.041287
  Error: 0.0039%
  Insight: R² gravity with de Sitter R=32π gives 4Z² exactly!

  Formula: 64 = CUBE × CUBE = 8 × 8
  Value: 64.000000
  Error: Unknown format code 'f' for object of type 'str'

==================================================
PATH: CFT
--------------------------------------------------
  No matches found

==================================================
PATH: Comprehensive
--------------------------------------------------
Found 18 candidates:

  Formula: 0.3333333333333333×Z²×GAUGE + 3
  Value: 137.041287
  Error: 0.0039%

  Formula: 0.3333333333333333×Z²×12 + 3
  Value: 137.041287
  Error: 0.0039%

  Formula: 4×Z² + 1×N_gen
  Value: 137.041287
  Error: 0.0039%

  Formula: 4×Z² + 1×3
  Value: 137.041287
  Error: 0.0039%

  Formula: 0.5×Z²×CUBE + 3
  Value: 137.041287
  Error: 0.0039%

======================================================================
SUMMARY: BEST CANDIDATES FOR α DERIVATION
======================================================================

Formulas with <0.1% error:

  [Comprehensive]
  0.3333333333333333×Z²×GAUGE + 3
  Error: 0.0039%

  [Comprehensive]
  0.3333333333333333×Z²×12 + 3
  Error: 0.0039%

  [Holographic]
  α⁻¹ = 4×Z² + 1×N_gen
  Error: 0.0039%

  [Holographic]
  α⁻¹ = 4×Z² + 1×BEKENSTEIN-1
  Error: 0.0039%

  [Holographic]
  α⁻¹ = 4×Z² + 1×GAUGE/4
  Error: 0.0039%

  [Holographic]
  α⁻¹ = 4×Z² + 1×N_gen
  Error: 0.0039%

  [Holographic]
  α⁻¹ = 4×Z² + 1×BEKENSTEIN-1
  Error: 0.0039%

  [Holographic]
  α⁻¹ = 4×Z² + 1×GAUGE/4
  Error: 0.0039%

  [Holographic]
  α⁻¹ = 4×Z² + 1×N_gen
  Error: 0.0039%

  [Holographic]
  α⁻¹ = 4×Z² + 1×BEKENSTEIN-1
  Error: 0.0039%

======================================================================
KEY INSIGHTS
======================================================================

    The formula α⁻¹ = 4Z² + 3 works with 0.003% accuracy.

    WHAT WE FOUND:

    1. R² GRAVITY MECHANISM (NEW - April 2026):
       For de Sitter with Ricci scalar R = 32π:
       - R²/(16π²) = 64 EXACTLY (= 2⁶ = CUBE²)
       - S_R² = (1/2) × 64 × V_sphere = 4Z² EXACTLY
       - No integer quantization constraint (unlike failed c₁² approach)
       - This is the cleanest mechanism for 4Z²!

    2. The coefficient 4 comes from:
       - R² gravity: (1/2) × CUBE² × V_sphere / Z² = 4
       - Group theory: rank of SU(3)×SU(2)×U(1) = 4
       - Holographic: BEKENSTEIN = 4

    3. The offset 3 = b₁(T³) = first Betti number of 3-torus
       - Topological invariant of internal space
       - Counts independent 1-cycles
       - = N_gen = number of fermion generations

    4. Z² = 32π/3 = CUBE × SPHERE
       - From Friedmann H² = 8π/3: Z² = 4 × H² × (4/3) = 32π/3
       - de Sitter Ricci scalar: R = 12H² = 32π = 3Z²

    THE COMPLETE FORMULA:
    α⁻¹ = (1/2) × [R²/(16π²)] × V_sphere + b₁(T³)
        = (1/2) × 64 × (4π/3) + 3
        = 4Z² + 3
        = 137.041...

    With quantum corrections (two-loop):
    α⁻¹ + α - 12πα² = 4Z² + 3 → α⁻¹ = 137.0359967 (0.000002% error)
    

Results saved to: /Users/carlzimmerman/new_physics/zimmerman-formula/research/overnight_results/alpha_search_20260414_155022.json
