CKM/PMNS STABLE ALGORITHM RESULTS
======================================================================
Timestamp: 20260416_124541
Z = sqrt(32*pi/3) = 5.7888100365
Lambda_geometric = 1/(Z - sqrt(2)) = 0.2285925127
Lambda_experimental = 0.2265

CKM MATRIX (magnitudes):
[[0.95808757 0.13440384 0.25298976]
 [0.24257449 0.85041658 0.46685035]
 [0.15240021 0.50865238 0.8473765 ]]

PMNS MATRIX (magnitudes):
[[0.9897183  0.13695959 0.04122816]
 [0.00286915 0.30720039 0.95164052]
 [0.14300161 0.94173775 0.30443481]]

CKM COMPARISON WITH PDG:
  V_ud: 0.95809 vs 0.97373 (1.6%)
  V_us: 0.13440 vs 0.22430 (40.1%)
  V_ub: 0.25299 vs 0.00382 (6522.8%)
  V_cd: 0.24257 vs 0.22100 (9.8%)
  V_cs: 0.85042 vs 0.97500 (12.8%)
  V_cb: 0.46685 vs 0.04080 (1044.2%)
  V_td: 0.15240 vs 0.00860 (1672.1%)
  V_ts: 0.50865 vs 0.04150 (1125.7%)
  V_tb: 0.84738 vs 0.99914 (15.2%)
  RMS Error: 2302.2%

PMNS MIXING ANGLES:
  theta_12: 7.9 deg vs 33.4 deg
  theta_23: 72.3 deg vs 49.2 deg
  theta_13: 2.4 deg vs 8.6 deg
  RMS Error: 66.5%
