COSMOLOGICAL CONSTANT DERIVATION FROM Z^2 FRAMEWORK
================================================================================

Timestamp: 2026-04-16T12:58:54.788611
Target: Lambda ~ 10^-122.9 M_Pl^4

TOP FORMULAS:
--------------------------------------------------------------------------------

systematic_0
  Formula: Z^-90 * BEKENSTEIN^0 * N_GEN^4 * pi^4 * exp(-4*Z^2)
  log10(Lambda) = -122.9
  Error = 0.0 orders

systematic_1
  Formula: Z^-30 * BEKENSTEIN^-5 * N_GEN^-10 * pi^-10 * exp(-6*Z^2)
  log10(Lambda) = -123.0
  Error = 0.0 orders

systematic_2
  Formula: Z^-40 * BEKENSTEIN^-15 * N_GEN^4 * pi^4 * exp(-6*Z^2)
  log10(Lambda) = -123.0
  Error = 0.0 orders

systematic_3
  Formula: Z^-40 * BEKENSTEIN^-10 * N_GEN^4 * pi^-2 * exp(-6*Z^2)
  log10(Lambda) = -122.9
  Error = 0.0 orders

systematic_4
  Formula: Z^-30 * BEKENSTEIN^-10 * N_GEN^-10 * pi^-4 * exp(-6*Z^2)
  log10(Lambda) = -123.0
  Error = 0.0 orders

systematic_5
  Formula: Z^-40 * BEKENSTEIN^-5 * N_GEN^4 * pi^-8 * exp(-6*Z^2)
  log10(Lambda) = -122.9
  Error = 0.0 orders

systematic_6
  Formula: Z^-80 * BEKENSTEIN^0 * N_GEN^-10 * pi^2 * exp(-4*Z^2)
  log10(Lambda) = -123.0
  Error = 0.1 orders

systematic_7
  Formula: Z^-40 * BEKENSTEIN^-10 * N_GEN^2 * pi^0 * exp(-6*Z^2)
  log10(Lambda) = -122.9
  Error = 0.1 orders

systematic_8
  Formula: Z^-60 * BEKENSTEIN^-20 * N_GEN^-4 * pi^-10 * exp(-4*Z^2)
  log10(Lambda) = -122.9
  Error = 0.1 orders

systematic_9
  Formula: Z^-30 * BEKENSTEIN^-15 * N_GEN^-10 * pi^2 * exp(-6*Z^2)
  log10(Lambda) = -123.0
  Error = 0.1 orders

scale_ratio
  Formula: (H0/M_Pl)^2 / Z^2
  log10(Lambda) = -123.4
  Error = 0.4 orders

z2_tower_n81
  Formula: Lambda = Z^(-2n), n=81
  log10(Lambda) = -123.5
  Error = 0.6 orders

qft_suppression
  Formula: Lambda_QFT * (Z^2)^(-80)
  log10(Lambda) = -122.0
  Error = 0.9 orders

magic_formula_1
  Formula: Lambda = Z^(-2*20*BEKENSTEIN) = Z^(-160)
  log10(Lambda) = -122.0
  Error = 0.9 orders

exp_suppression_fitted
  Formula: Lambda = exp(-Z^2 * -8.38)
  log10(Lambda) = -122.0
  Error = 0.9 orders

inflation_sqrt
  Formula: Lambda = exp(-Z^2 * sqrt(70))
  log10(Lambda) = -122.0
  Error = 0.9 orders

z2_tower_fitted
  Formula: Lambda = Z^(-2*80.0)
  log10(Lambda) = -122.0
  Error = 0.9 orders

bekenstein_exp(-Z^2 * Z^2 / BEKENSTEIN)
  Formula: exp(-Z^2 * Z^2 / BEKENSTEIN)
  log10(Lambda) = -121.9
  Error = 1.0 orders

scale_ratio
  Formula: (H0/M_Pl)^2
  log10(Lambda) = -121.9
  Error = 1.1 orders

dimensional
  Formula: (l_P/R_H)^2
  log10(Lambda) = -121.9
  Error = 1.1 orders
