======================================================================
FIRST-PRINCIPLES SEARCH FOR NUMBER OF GENERATIONS
======================================================================
Target: N_gen = 3
Status: UNSOLVED IN ALL OF PHYSICS!


==================================================
PATH: Anomaly Cancellation
--------------------------------------------------

  Method: anomaly_cancellation
  Insight: No constraint on N_gen from anomalies alone

  Method: combined_constraints
  Insight: Constraints BOUND N_gen but do not DETERMINE it

==================================================
PATH: Topological Invariants
--------------------------------------------------

  Method: Calabi_Yau
  Formula: N_gen = |χ(CY)|/2
  Insight: Need Calabi-Yau with Euler characteristic 6 or -6

  Method: CP2_connection
  Formula: χ(CP²) = 3 = N_gen
  Insight: Complex projective plane has Euler characteristic 3

==================================================
PATH: Group Theory (A₄)
--------------------------------------------------

  Method: A4_family_symmetry
  Insight: Families as 3 of A₄ would explain N_gen = 3

  Method: tetrahedron_geometry
  Insight: A₄ relates to cube geometry via dual tetrahedra

  Method: quotient_structure
  Formula: N_gen = |A₄| / |V₄| = 12/4 = 3
  Insight: N_gen = A₄/V₄ where V₄ is BEKENSTEIN-sized subgroup!

==================================================
PATH: Index Theorems
--------------------------------------------------

  Method: index_theorem
  Formula: N_gen = |index(D)|/2
  Insight: Index gives N_gen but manifold is not uniquely selected

  Method: instanton_number
  Formula: N_gen = c₂(gauge bundle)
  Insight: Second Chern class = 3 gives N_gen = 3

==================================================
PATH: Dimensional Arguments
--------------------------------------------------

  Method: spatial_dimensions
  Insight: Both could come from same underlying structure

  Method: color_match
  Insight: Both = 3 might not be coincidence

  Method: Z2_framework_role
  Insight: N_gen = 3 is ubiquitous in Z² framework

==================================================
PATH: Z² Framework Geometry
--------------------------------------------------

  Method: cube_pairs
  Formula: N_gen = (# faces)/2 = 6/2 = 3
  Insight: 3 = pairs of opposite faces of cube

  Method: cube_axes
  Formula: N_gen = # orthogonal axes of cube = 3
  Insight: x, y, z axes → 3 generations

  Method: dimension_exponent
  Formula: CUBE = 2^N_gen = 2³ = 8
  Insight: N_gen is the exponent in CUBE = 2^N_gen

  Method: group_quotient
  Formula: N_gen = GAUGE/BEKENSTEIN = 12/4 = 3
  Insight: N_gen emerges from ratio of framework constants!

  Method: Z2_derivation
  Formula: N_gen = GAUGE/BEKENSTEIN
  Insight: *** POSSIBLE FIRST-PRINCIPLES DERIVATION! ***

==================================================
PATH: Comprehensive
--------------------------------------------------

  Method: ratio
  Formula: GAUGE/BEKENSTEIN = 3
  Value: 3.0

  Method: ratio
  Formula: GAUGE/4 = 3
  Value: 3.0

  Method: ratio
  Formula: 6/2 = 3
  Value: 3.0

  Method: ratio
  Formula: 12/BEKENSTEIN = 3
  Value: 3.0

  Method: ratio
  Formula: 12/4 = 3
  Value: 3.0

======================================================================
KEY INSIGHTS FOR N_gen = 3
======================================================================

    *** POSSIBLE FIRST-PRINCIPLES DERIVATION FOUND! ***

    N_gen = GAUGE / BEKENSTEIN = 12 / 4 = 3

    WHERE:
    - GAUGE = 12 = number of cube edges = number of gauge bosons
    - BEKENSTEIN = 4 = Bekenstein entropy factor = Cartan rank

    WHY THIS MIGHT BE TRUE:
    1. GAUGE counts total gauge degrees of freedom (12)
    2. BEKENSTEIN counts independent charge types (4 = rank of G_SM)
    3. The ratio gives number of "copies" = generations

    INTERPRETATION:
    - Each generation is a "division" of gauge structure by charge structure
    - N_gen = (total gauge DOF) / (independent charges)
    - = (interactions) / (conserved quantities)

    ALTERNATIVE DERIVATIONS:
    - N_gen = # pairs of opposite cube faces = 6/2 = 3
    - N_gen = # orthogonal axes of cube = 3
    - N_gen = log₂(CUBE) = log₂(8) = 3
    - N_gen = |A₄|/|V₄| = 12/4 = 3 (group theory)

    ALL GIVE N_gen = 3!

    WHAT IS STILL NEEDED:
    - PROVE that N_gen MUST equal GAUGE/BEKENSTEIN
    - Connect to physics (why should this ratio matter?)
    - Derive from more fundamental principle
    

Results saved to: /Users/carlzimmerman/new_physics/zimmerman-formula/research/overnight_results/n_gen_search_20260413_200037.json
