======================================================================
FIRST-PRINCIPLES SEARCH FOR WEINBERG ANGLE
======================================================================
Target: sin²θ_W = 0.23121
Z² framework prediction: 3/13 = 0.230769
Error: 0.19%


==================================================
PATH: GUT Embeddings
--------------------------------------------------
Found 1 candidates:

  Formula: sin²θ_W = 3/13 = 3/(8+5)
  Value: 0.230769
  Error: 0.1906%

==================================================
PATH: Group Theory Ratios
--------------------------------------------------
Found 11 candidates:

  Formula: 3/13
  Value: 0.230769
  Error: 0.1906%

  Formula: 6/26
  Value: 0.230769
  Error: 0.1906%

  Formula: 9/39
  Value: 0.230769
  Error: 0.1906%

  Formula: N_gen/(GAUGE+1)
  Value: 0.230769
  Error: 0.1906%

  Formula: dim(SU2)/(dim(SU3)+dim(SU2)+2)
  Value: 0.230769
  Error: 0.1906%

==================================================
PATH: Geometric
--------------------------------------------------
Found 3 candidates:

  Formula: 3/13
  Value: 0.230769
  Error: 0.1906%
  Insight: 3=? 13=?

  Formula: sin²θ_W = N_gen / (BEKENSTEIN × N_gen + 1) = 3/(4×3+1) = 3/13
  Value: 0.230769
  Error: 0.1906%
  Insight: BEKENSTEIN=4, N_gen=3

  Formula: sin²θ_W = N_gen / (GAUGE + 1) = 3/13
  Value: 0.230769
  Error: 0.1906%
  Insight: 13 = GAUGE + 1 = 12 + 1

==================================================
PATH: EWSB
--------------------------------------------------
Found 2 candidates:

  Formula: M_W/M_Z = √(10/13) from sin²θ_W = 3/13
  Value: N/A
  Error: 0.4999%

  Formula: sin²θ_W = 1 - (M_W/M_Z)²
  Value: 0.223020
  Error: 3.5422%

==================================================
PATH: CFT
--------------------------------------------------

==================================================
PATH: Fractions
--------------------------------------------------
Found 7 candidates:

  Formula: N_gen/GAUGE+1
  Value: 0.230769
  Error: 0.1906%

  Formula: N_gen/4×3+1
  Value: 0.230769
  Error: 0.1906%

  Formula: N_gen/8+3+2
  Value: 0.230769
  Error: 0.1906%

  Formula: sin²θ_W = 3/13 where 13 = 4×3 + 1 = BEKENSTEIN×N_gen + 1
  Value: 0.230769
  Error: 0.1906%

  Formula: sin²θ_W = 3/13 where 13 = 8 + 3 + 2 = dim(SU3) + dim(SU2) + 2
  Value: 0.230769
  Error: 0.1906%

======================================================================
KEY INSIGHTS FOR WEINBERG ANGLE
======================================================================

    The formula sin²θ_W = 3/13 works with 0.2% accuracy.

    BEST INTERPRETATION: sin²θ_W = N_gen / (GAUGE + 1) = 3/13

    WHY THIS MIGHT BE TRUE:
    1. N_gen = 3 (number of fermion generations)
       - Each generation contributes equally to weak mixing

    2. GAUGE + 1 = 13 (total gauge DOF + 1)
       - 12 gauge bosons + 1 Higgs (or scalar DOF)
       - Or: 8 + 3 + 2 = dim(SU3) + dim(SU2) + 2

    ALTERNATIVE: 13 = 4×3 + 1 = BEKENSTEIN × N_gen + 1
    - This connects to α formula: α⁻¹ = 4Z² + 3
    - Same BEKENSTEIN = 4 appears
    - Same N_gen = 3 appears

    WHAT IS STILL NEEDED:
    - DERIVE why sin²θ_W = N_gen / (BEKENSTEIN × N_gen + 1)
    - Connect to electroweak symmetry breaking
    - Explain geometric origin of 4 and 3
    

Results saved to: /Users/carlzimmerman/new_physics/zimmerman-formula/research/overnight_results/weinberg_search_20260416_225109.json
