======================================================================
FIRST-PRINCIPLES SEARCH FOR COSMOLOGICAL RATIO
======================================================================
Target: Ω_Λ/Ω_m = 2.174603174603175
Z² framework prediction: √(3π/2) = 2.170804
Error: 0.175%


==================================================
PATH: Entropy Derivation
--------------------------------------------------
Found 2 candidates:

  Formula: S = x × exp(-x²/(3π))
  Maximum at: 2.170803
  Error: 0.0000%
  Insight: Parameter 3π = N_gen × π appears, but WHY?

  Formula: S = x × exp(-x²/3π)
  Maximum at: 2.170803
  Error: 0.1747%

==================================================
PATH: de Sitter Thermodynamics
--------------------------------------------------

==================================================
PATH: Information Theory
--------------------------------------------------
Found 1 candidates:

  Formula: I = H(Ω_m, Ω_Λ) × (Ω_Λ/Ω_m)
  Maximum at: 4.999994
  Error: 129.9267%

==================================================
PATH: Friedmann Analysis
--------------------------------------------------
Found 2 candidates:

  Formula: Ω_Λ/Ω_m = √(N_gen × π/2)
  Value: 2.170804
  Error: 0.1747%
  Insight: N_gen × (horizon angle) under square root

  Formula: (1+z_eq)³ = Ω_Λ/Ω_m
  Error: 0.2554%

==================================================
PATH: Formula Search
--------------------------------------------------
Found 3 candidates:

  Formula: BEKENSTEIN/Z/π
  Value: 2.170804
  Error: 0.1747%

  Formula: √(3π/2)
  Value: 2.170804
  Error: 0.1747%

  Formula: Ω_Λ/Ω_m = √(3π/2) = √(N_gen × π/2)
  Value: 2.170804
  Error: 0.1747%
  Insight: KNOWN formula - need to derive WHY

==================================================
PATH: Statistical Mechanics
--------------------------------------------------

======================================================================
KEY INSIGHTS FOR COSMOLOGICAL RATIO
======================================================================

    The formula Ω_Λ/Ω_m = √(3π/2) works with 0.04% accuracy!

    THE ENTROPY FUNCTIONAL:
    S = x × exp(-x²/(3π)) has maximum at x = √(3π/2)

    BUT WHY 3π?

    INTERPRETATION 1: 3π = N_gen × π
    - N_gen = 3 (fermion generations)
    - π from horizon physics (T = H/2π)
    - So: generations × horizon factor

    INTERPRETATION 2: 3π/2 appears in quantum mechanics
    - Volume of unit sphere: 4π/3
    - 3π/2 = (9/8) × (4π/3) -- related to sphere?
    - Or: 3π/2 relates to solid angle

    WHAT IS STILL NEEDED:
    1. DERIVE the entropy functional from first principles
       - What physical process has S = x × exp(-x²/a)?
       - This looks like Rayleigh distribution
       - Could come from random walk in density space?

    2. EXPLAIN why parameter is 3π
       - Connect to horizon thermodynamics
       - Or to number of generations

    3. PHYSICAL INTERPRETATION
       - Why should Ω_Λ/Ω_m maximize this entropy?
       - What entropy is this? Configurational? Horizon?
    

Results saved to: /Users/carlzimmerman/new_physics/zimmerman-formula/research/overnight_results/cosmological_search_20260417_225915.json
