======================================================================
FIRST-PRINCIPLES SEARCH FOR PROTON/ELECTRON MASS RATIO
======================================================================
Target: m_p/m_e = 1836.15267343
Z² framework prediction: α⁻¹ × (2Z²/5) = 1836.8482
Error: 0.038%


==================================================
PATH: QCD
--------------------------------------------------

  Formula: m_p ≈ (Z/√3) × Λ_QCD
  Error: 1.2779%
  Insight: Z/√3 ≈ 3.34 matches lattice factor 3.3

==================================================
PATH: Skyrmion
--------------------------------------------------

  Formula: (f_π/m_e)² × α
  Value: 241.7071
  Error: 86.8362%

==================================================
PATH: Holographic
--------------------------------------------------

  Formula: m_p/m_e = α⁻¹ × (2Z²/5)
  Value: 1836.8482
  Error: 0.0379%

==================================================
PATH: Geometric
--------------------------------------------------

  Formula: m_p/m_e = (8Z⁴ + 6Z²)/5
  Value: 1836.9190
  Error: 0.0417%
  Insight: Combining α formula with mass formula gives pure Z² expression

==================================================
PATH: Formula Search
--------------------------------------------------

  Formula: α⁻¹ × (2Z²/5)
  Value: 1836.8482
  Error: 0.0379%

  Formula: m_p/m_e = α⁻¹ × (2Z²/5)
  Value: 1836.8482
  Error: 0.0379%
  Insight: KNOWN: but 2/5 unexplained

==================================================
PATH: Electron Scale
--------------------------------------------------

  Formula: log(m_t/m_e)
  Value: 12.7324
  Error: 6.1036%
  Insight: log(m_t/m_e) ≈ GAUGE = 12

======================================================================
KEY INSIGHTS FOR MASS RATIO
======================================================================

    The formula m_p/m_e = α⁻¹ × (2Z²/5) works with 0.04% accuracy.

    DECOMPOSITION:
    - α⁻¹ = 4Z² + 3 = 137.04 (from EM coupling)
    - 2Z²/5 = 13.404 (geometric factor)
    - Combined: (4Z² + 3) × (2Z²/5) = (8Z⁴ + 6Z²)/5

    PURE Z² FORM:
    m_p/m_e = (8Z⁴ + 6Z²)/5 = 1836.9190
    Target = 1836.15267343
    Error = 0.042%

    QCD CONNECTION:
    - Proton mass ~ 3.3 × Λ_QCD
    - 3.3 ≈ Z/√3 = 3.342
    - So Z appears in QCD scale!

    WHAT IS STILL NEEDED:
    1. DERIVE why 2Z²/5 appears (what is 2/5?)
    2. Connect proton mass to Z² via QCD
    3. Understand the factor Z/√3 ≈ 3.3

    POSSIBLE PATH:
    - The factor 3.3 ≈ Z/√3 comes from QCD dynamics
    - This encodes geometry in the strong interaction
    - Combined with α (EM geometry), gives mass ratio
    

Results saved to: /Users/carlzimmerman/new_physics/zimmerman-formula/research/overnight_results/mass_ratio_search_20260416_220040.json
