[debug] [2026-03-27T18:44:54.923Z] ----------------------------------------------------------------------
[debug] [2026-03-27T18:44:54.925Z] Command:       /usr/local/bin/node /usr/local/bin/firebase projects:list
[debug] [2026-03-27T18:44:54.925Z] CLI Version:   14.16.0
[debug] [2026-03-27T18:44:54.925Z] Platform:      darwin
[debug] [2026-03-27T18:44:54.925Z] Node Version:  v22.15.0
[debug] [2026-03-27T18:44:54.925Z] Time:          Fri Mar 27 2026 14:44:54 GMT-0400 (Eastern Daylight Time)
[debug] [2026-03-27T18:44:54.925Z] ----------------------------------------------------------------------
[debug] 
[debug] [2026-03-27T18:44:55.001Z] > command requires scopes: ["email","openid","https://www.googleapis.com/auth/cloudplatformprojects.readonly","https://www.googleapis.com/auth/firebase","https://www.googleapis.com/auth/cloud-platform"]
[debug] [2026-03-27T18:44:55.001Z] > authorizing via signed-in user (carl@briarcreektech.com)
[debug] [2026-03-27T18:44:55.002Z] Checked if tokens are valid: false, expires at: 1774564856731
[debug] [2026-03-27T18:44:55.002Z] Checked if tokens are valid: false, expires at: 1774564856731
[debug] [2026-03-27T18:44:55.002Z] > refreshing access token with scopes: []
[debug] [2026-03-27T18:44:55.003Z] >>> [apiv2][query] POST https://www.googleapis.com/oauth2/v3/token [none]
[debug] [2026-03-27T18:44:55.003Z] >>> [apiv2][body] POST https://www.googleapis.com/oauth2/v3/token [omitted]
[debug] [2026-03-27T18:44:55.143Z] <<< [apiv2][status] POST https://www.googleapis.com/oauth2/v3/token 400
[debug] [2026-03-27T18:44:55.144Z] <<< [apiv2][body] POST https://www.googleapis.com/oauth2/v3/token [omitted]
[error] Authentication Error: Your credentials are no longer valid. Please run firebase login --reauth

For CI servers and headless environments, generate a new token with firebase login:ci
[error] Authentication Error: Your credentials are no longer valid. Please run firebase login --reauth

For CI servers and headless environments, generate a new token with firebase login:ci
[debug] [2026-03-27T18:44:55.144Z] Authentication Error: Your credentials are no longer valid. Please run firebase login --reauth

For CI servers and headless environments, generate a new token with firebase login:ci
[debug] [2026-03-27T18:44:55.208Z] FirebaseError: Authentication Error: Your credentials are no longer valid. Please run firebase login --reauth

For CI servers and headless environments, generate a new token with firebase login:ci
    at invalidCredentialError (/usr/local/lib/node_modules/firebase-tools/lib/auth.js:167:12)
    at refreshTokens (/usr/local/lib/node_modules/firebase-tools/lib/auth.js:591:15)
    at process.processTicksAndRejections (node:internal/process/task_queues:105:5)
    at async getAccessToken (/usr/local/lib/node_modules/firebase-tools/lib/apiv2.js:42:18)
    at async Client.addAuthHeader (/usr/local/lib/node_modules/firebase-tools/lib/apiv2.js:169:21)
    at async Client.request (/usr/local/lib/node_modules/firebase-tools/lib/apiv2.js:120:34)
    at async getProjectPage (/usr/local/lib/node_modules/firebase-tools/lib/management/projects.js:267:17)
    at async getFirebaseProjectPage (/usr/local/lib/node_modules/firebase-tools/lib/management/projects.js:284:23)
    at async listFirebaseProjects (/usr/local/lib/node_modules/firebase-tools/lib/management/projects.js:315:29)
    at async Command.actionFn (/usr/local/lib/node_modules/firebase-tools/lib/commands/projects-list.js:51:20)
[error] 
[error] Error: Failed to list Firebase projects. See firebase-debug.log for more info.
